<?xml version="1.0" encoding="UTF-8"?>
<!-- Generated by org.testng.reporters.JUnitReportReporter -->
<testsuite hostname="DESKTOP-GVVML2G" failures="0" tests="3" name="SignInSignUp" time="13.371" errors="0" timestamp="2023-12-04T17:48:53 EET" skipped="0">
  <testcase classname="SignInSignUp" name="Contact" time="6.953"/>
  <system-out/>
  <testcase classname="SignInSignUp" name="LogoutTest" time="2.355"/>
  <system-out/>
  <testcase classname="SignInSignUp" name="LoginTest" time="4.063"/>
  <system-out/>
</testsuite> <!-- SignInSignUp -->
