<?xml version="1.0" encoding="UTF-8"?>
<!-- Generated by org.testng.reporters.JUnitReportReporter -->
<testsuite hostname="DESKTOP-GVVML2G" failures="0" tests="3" name="SignInSignUp" time="14.114" errors="0" timestamp="2023-12-04T18:28:03 EET" skipped="0">
  <testcase classname="SignInSignUp" name="Contact" time="7.014"/>
  <system-out/>
  <testcase classname="SignInSignUp" name="LogoutTest" time="2.429"/>
  <system-out/>
  <testcase classname="SignInSignUp" name="LoginTest" time="4.671"/>
  <system-out/>
</testsuite> <!-- SignInSignUp -->
