<?xml version="1.0" encoding="UTF-8"?>
<!-- Generated by org.testng.reporters.JUnitReportReporter -->
<testsuite hostname="DESKTOP-GVVML2G" failures="0" tests="3" name="SignInSignUp" time="18.147" errors="0" timestamp="2023-12-04T15:08:20 EET" skipped="0">
  <testcase classname="SignInSignUp" name="Contact" time="9.316"/>
  <system-out/>
  <testcase classname="SignInSignUp" name="LogoutTest" time="3.204"/>
  <system-out/>
  <testcase classname="SignInSignUp" name="LoginTest" time="5.627"/>
  <system-out/>
</testsuite> <!-- SignInSignUp -->
